<?xml version="1.0" encoding="UTF-8"?>
<testng-results ignored="0" total="1" passed="1" failed="0" skipped="0">
  <reporter-output>
  </reporter-output>
  <suite started-at="2022-08-25T00:38:29 WIB" name="Default suite" finished-at="2022-08-25T00:38:32 WIB" duration-ms="3637">
    <groups>
    </groups>
    <test started-at="2022-08-25T00:38:29 WIB" name="Default test" finished-at="2022-08-25T00:38:32 WIB" duration-ms="3637">
      <class name="com.juaracoding.posttest21.TestPost">
        <test-method signature="TestPost()[pri:0, instance:com.juaracoding.posttest21.TestPost@140c9f39]" started-at="2022-08-25T00:38:29 WIB" name="TestPost" finished-at="2022-08-25T00:38:32 WIB" duration-ms="3589" status="PASS">
          <reporter-output>
          </reporter-output>
        </test-method> <!-- TestPost -->
      </class> <!-- com.juaracoding.posttest21.TestPost -->
    </test> <!-- Default test -->
  </suite> <!-- Default suite -->
</testng-results>
